<?xml version="1.0" encoding="UTF-8"?>
<coverage generated="1500309219">
  <project timestamp="1500309219">
    <package name="Dracony\Skeleton">
      <file name="D:\htdocs\phpixie\skeleton\src/Hello.php">
        <class name="Hello" namespace="Dracony\Skeleton">
          <metrics methods="1" coveredmethods="1" conditionals="0" coveredconditionals="0" statements="1" coveredstatements="1" elements="2" coveredelements="2"/>
        </class>
        <line num="4" type="stmt" count="0"/>
        <line num="8" type="method" name="world" crap="1" count="1"/>
        <line num="10" type="stmt" count="1"/>
        <metrics loc="12" ncloc="12" classes="1" methods="1" coveredmethods="1" conditionals="0" coveredconditionals="0" statements="2" coveredstatements="1" elements="3" coveredelements="2"/>
      </file>
    </package>
    <metrics files="1" loc="12" ncloc="12" classes="1" methods="1" coveredmethods="1" conditionals="0" coveredconditionals="0" statements="2" coveredstatements="1" elements="3" coveredelements="2"/>
  </project>
</coverage>
